2023-07-14T00:58:04.804+02:00  WARN 11970 --- [HikariPool-7 housekeeper] com.zaxxer.hikari.pool.HikariPool        : HikariPool-7 - Thread starvation or clock leap detected (housekeeper delta=1h4m58s750ms).
2023-07-14T01:17:38.352+02:00  WARN 11970 --- [HikariPool-7 housekeeper] com.zaxxer.hikari.pool.HikariPool        : HikariPool-7 - Thread starvation or clock leap detected (housekeeper delta=19m33s549ms).
2023-07-14T01:26:39.639+02:00  WARN 11970 --- [HikariPool-7 housekeeper] com.zaxxer.hikari.pool.HikariPool        : HikariPool-7 - Thread starvation or clock leap detected (housekeeper delta=9m1s286ms).
2023-07-14T01:56:06.525+02:00  WARN 11970 --- [HikariPool-7 housekeeper] com.zaxxer.hikari.pool.HikariPool        : HikariPool-7 - Thread starvation or clock leap detected (housekeeper delta=29m26s887ms).
2023-07-14T02:33:12.155+02:00  WARN 11970 --- [HikariPool-7 housekeeper] com.zaxxer.hikari.pool.HikariPool        : HikariPool-7 - Thread starvation or clock leap detected (housekeeper delta=37m5s629ms).
2023-07-14T02:48:38.529+02:00  WARN 17628 --- [restartedMain] JpaBaseConfiguration$JpaWebConfiguration : spring.jpa.open-in-view is enabled by default. Therefore, database queries may be performed during view rendering. Explicitly configure spring.jpa.open-in-view to disable this warning
2023-07-14T02:48:44.207+02:00 DEBUG 17628 --- [http-nio-8080-exec-2] org.hibernate.SQL                        : select e1_0.id,e1_0.email,e1_0.first_name,e1_0.last_name from employee e1_0
2023-07-14T02:48:50.216+02:00 DEBUG 17628 --- [http-nio-8080-exec-3] org.hibernate.SQL                        : insert into employee (email,first_name,last_name) values (?,?,?)
2023-07-14T02:48:50.220+02:00 TRACE 17628 --- [http-nio-8080-exec-3] org.hibernate.orm.jdbc.bind              : binding parameter [1] as [VARCHAR] - [leslie@luv2coadde.com]
2023-07-14T02:48:50.220+02:00 TRACE 17628 --- [http-nio-8080-exec-3] org.hibernate.orm.jdbc.bind              : binding parameter [2] as [VARCHAR] - [Lesladie]
2023-07-14T02:48:50.221+02:00 TRACE 17628 --- [http-nio-8080-exec-3] org.hibernate.orm.jdbc.bind              : binding parameter [3] as [VARCHAR] - [Andrewads]
2023-07-14T02:48:54.716+02:00 DEBUG 17628 --- [http-nio-8080-exec-4] org.hibernate.SQL                        : select e1_0.id,e1_0.email,e1_0.first_name,e1_0.last_name from employee e1_0 where e1_0.id=?
2023-07-14T02:48:54.717+02:00 TRACE 17628 --- [http-nio-8080-exec-4] org.hibernate.orm.jdbc.bind              : binding parameter [1] as [INTEGER] - [1]
2023-07-14T02:48:54.733+02:00 DEBUG 17628 --- [http-nio-8080-exec-4] org.hibernate.SQL                        : update employee set email=?,first_name=?,last_name=? where id=?
2023-07-14T02:48:54.734+02:00 TRACE 17628 --- [http-nio-8080-exec-4] org.hibernate.orm.jdbc.bind              : binding parameter [1] as [VARCHAR] - [leslie@luv2coadde.com]
2023-07-14T02:48:54.734+02:00 TRACE 17628 --- [http-nio-8080-exec-4] org.hibernate.orm.jdbc.bind              : binding parameter [2] as [VARCHAR] - [Yavuz]
2023-07-14T02:48:54.734+02:00 TRACE 17628 --- [http-nio-8080-exec-4] org.hibernate.orm.jdbc.bind              : binding parameter [3] as [VARCHAR] - [Yildirim]
2023-07-14T02:48:54.734+02:00 TRACE 17628 --- [http-nio-8080-exec-4] org.hibernate.orm.jdbc.bind              : binding parameter [4] as [INTEGER] - [1]
2023-07-14T02:48:59.324+02:00 DEBUG 17628 --- [http-nio-8080-exec-5] org.hibernate.SQL                        : select e1_0.id,e1_0.email,e1_0.first_name,e1_0.last_name from employee e1_0 where e1_0.id=?
2023-07-14T02:48:59.328+02:00 TRACE 17628 --- [http-nio-8080-exec-5] org.hibernate.orm.jdbc.bind              : binding parameter [1] as [INTEGER] - [2]
2023-07-14T02:48:59.352+02:00 DEBUG 17628 --- [http-nio-8080-exec-5] org.hibernate.SQL                        : delete from employee where id=?
2023-07-14T02:48:59.354+02:00 TRACE 17628 --- [http-nio-8080-exec-5] org.hibernate.orm.jdbc.bind              : binding parameter [1] as [INTEGER] - [2]
2023-07-14T02:59:24.184+02:00  WARN 17628 --- [restartedMain] JpaBaseConfiguration$JpaWebConfiguration : spring.jpa.open-in-view is enabled by default. Therefore, database queries may be performed during view rendering. Explicitly configure spring.jpa.open-in-view to disable this warning
2023-07-14T02:59:30.403+02:00  WARN 17628 --- [restartedMain] JpaBaseConfiguration$JpaWebConfiguration : spring.jpa.open-in-view is enabled by default. Therefore, database queries may be performed during view rendering. Explicitly configure spring.jpa.open-in-view to disable this warning
2023-07-14T03:02:27.222+02:00  WARN 17628 --- [restartedMain] JpaBaseConfiguration$JpaWebConfiguration : spring.jpa.open-in-view is enabled by default. Therefore, database queries may be performed during view rendering. Explicitly configure spring.jpa.open-in-view to disable this warning
2023-07-14T03:03:56.667+02:00  WARN 17628 --- [restartedMain] ConfigServletWebServerApplicationContext : Exception encountered during context initialization - cancelling refresh attempt: org.springframework.beans.factory.CannotLoadBeanClassException: Cannot find class [com.maqant.springboot.demo.myfirstapp.service.EmployeeServiceImpl] for bean with name 'employeeServiceImpl' defined in file [/Users/admin/IdeaProjects/SpringApp/target/classes/com/maqant/springboot/demo/myfirstapp/service/EmployeeServiceImpl.class]
2023-07-14T03:03:56.733+02:00 ERROR 17628 --- [restartedMain] o.s.boot.SpringApplication               : Application run failed

org.springframework.beans.factory.CannotLoadBeanClassException: Cannot find class [com.maqant.springboot.demo.myfirstapp.service.EmployeeServiceImpl] for bean with name 'employeeServiceImpl' defined in file [/Users/admin/IdeaProjects/SpringApp/target/classes/com/maqant/springboot/demo/myfirstapp/service/EmployeeServiceImpl.class]
	at org.springframework.beans.factory.support.AbstractBeanFactory.resolveBeanClass(AbstractBeanFactory.java:1505) ~[spring-beans-6.0.9.jar:6.0.9]
	at org.springframework.beans.factory.support.AbstractAutowireCapableBeanFactory.determineTargetType(AbstractAutowireCapableBeanFactory.java:683) ~[spring-beans-6.0.9.jar:6.0.9]
	at org.springframework.beans.factory.support.AbstractAutowireCapableBeanFactory.predictBeanType(AbstractAutowireCapableBeanFactory.java:651) ~[spring-beans-6.0.9.jar:6.0.9]
	at org.springframework.beans.factory.support.AbstractBeanFactory.getType(AbstractBeanFactory.java:692) ~[spring-beans-6.0.9.jar:6.0.9]
	at org.springframework.beans.factory.support.DefaultListableBeanFactory.findAnnotationOnBean(DefaultListableBeanFactory.java:733) ~[spring-beans-6.0.9.jar:6.0.9]
	at org.springframework.boot.sql.init.dependency.AnnotationDependsOnDatabaseInitializationDetector.detect(AnnotationDependsOnDatabaseInitializationDetector.java:36) ~[spring-boot-3.1.0.jar:3.1.0]
	at org.springframework.boot.sql.init.dependency.DatabaseInitializationDependencyConfigurer$DependsOnDatabaseInitializationPostProcessor.detectDependsOnInitializationBeanNames(DatabaseInitializationDependencyConfigurer.java:152) ~[spring-boot-3.1.0.jar:3.1.0]
	at org.springframework.boot.sql.init.dependency.DatabaseInitializationDependencyConfigurer$DependsOnDatabaseInitializationPostProcessor.postProcessBeanFactory(DatabaseInitializationDependencyConfigurer.java:115) ~[spring-boot-3.1.0.jar:3.1.0]
	at org.springframework.context.support.PostProcessorRegistrationDelegate.invokeBeanFactoryPostProcessors(PostProcessorRegistrationDelegate.java:358) ~[spring-context-6.0.9.jar:6.0.9]
	at org.springframework.context.support.PostProcessorRegistrationDelegate.invokeBeanFactoryPostProcessors(PostProcessorRegistrationDelegate.java:194) ~[spring-context-6.0.9.jar:6.0.9]
	at org.springframework.context.support.AbstractApplicationContext.invokeBeanFactoryPostProcessors(AbstractApplicationContext.java:771) ~[spring-context-6.0.9.jar:6.0.9]
	at org.springframework.context.support.AbstractApplicationContext.refresh(AbstractApplicationContext.java:589) ~[spring-context-6.0.9.jar:6.0.9]
	at org.springframework.boot.web.servlet.context.ServletWebServerApplicationContext.refresh(ServletWebServerApplicationContext.java:146) ~[spring-boot-3.1.0.jar:3.1.0]
	at org.springframework.boot.SpringApplication.refresh(SpringApplication.java:733) ~[spring-boot-3.1.0.jar:3.1.0]
	at org.springframework.boot.SpringApplication.refreshContext(SpringApplication.java:435) ~[spring-boot-3.1.0.jar:3.1.0]
	at org.springframework.boot.SpringApplication.run(SpringApplication.java:311) ~[spring-boot-3.1.0.jar:3.1.0]
	at org.springframework.boot.SpringApplication.run(SpringApplication.java:1305) ~[spring-boot-3.1.0.jar:3.1.0]
	at org.springframework.boot.SpringApplication.run(SpringApplication.java:1294) ~[spring-boot-3.1.0.jar:3.1.0]
	at com.maqant.springboot.demo.myfirstapp.MyfirstappApplication.main(MyfirstappApplication.java:16) ~[classes/:na]
	at java.base/jdk.internal.reflect.NativeMethodAccessorImpl.invoke0(Native Method) ~[na:na]
	at java.base/jdk.internal.reflect.NativeMethodAccessorImpl.invoke(NativeMethodAccessorImpl.java:77) ~[na:na]
	at java.base/jdk.internal.reflect.DelegatingMethodAccessorImpl.invoke(DelegatingMethodAccessorImpl.java:43) ~[na:na]
	at java.base/java.lang.reflect.Method.invoke(Method.java:568) ~[na:na]
	at org.springframework.boot.devtools.restart.RestartLauncher.run(RestartLauncher.java:49) ~[spring-boot-devtools-3.1.0.jar:3.1.0]
Caused by: java.lang.ClassNotFoundException: com.maqant.springboot.demo.myfirstapp.service.EmployeeServiceImpl
	at java.base/jdk.internal.loader.BuiltinClassLoader.loadClass(BuiltinClassLoader.java:641) ~[na:na]
	at java.base/jdk.internal.loader.ClassLoaders$AppClassLoader.loadClass(ClassLoaders.java:188) ~[na:na]
	at java.base/java.lang.ClassLoader.loadClass(ClassLoader.java:520) ~[na:na]
	at java.base/java.lang.Class.forName0(Native Method) ~[na:na]
	at java.base/java.lang.Class.forName(Class.java:467) ~[na:na]
	at org.springframework.boot.devtools.restart.classloader.RestartClassLoader.loadClass(RestartClassLoader.java:121) ~[spring-boot-devtools-3.1.0.jar:3.1.0]
	at java.base/java.lang.ClassLoader.loadClass(ClassLoader.java:520) ~[na:na]
	at java.base/java.lang.Class.forName0(Native Method) ~[na:na]
	at java.base/java.lang.Class.forName(Class.java:467) ~[na:na]
	at org.springframework.util.ClassUtils.forName(ClassUtils.java:284) ~[spring-core-6.0.9.jar:6.0.9]
	at org.springframework.beans.factory.support.AbstractBeanDefinition.resolveBeanClass(AbstractBeanDefinition.java:461) ~[spring-beans-6.0.9.jar:6.0.9]
	at org.springframework.beans.factory.support.AbstractBeanFactory.doResolveBeanClass(AbstractBeanFactory.java:1569) ~[spring-beans-6.0.9.jar:6.0.9]
	at org.springframework.beans.factory.support.AbstractBeanFactory.resolveBeanClass(AbstractBeanFactory.java:1502) ~[spring-beans-6.0.9.jar:6.0.9]
	... 23 common frames omitted

2023-07-14T03:03:59.537+02:00  WARN 17628 --- [restartedMain] JpaBaseConfiguration$JpaWebConfiguration : spring.jpa.open-in-view is enabled by default. Therefore, database queries may be performed during view rendering. Explicitly configure spring.jpa.open-in-view to disable this warning
2023-07-14T03:05:22.714+02:00  WARN 18658 --- [restartedMain] JpaBaseConfiguration$JpaWebConfiguration : spring.jpa.open-in-view is enabled by default. Therefore, database queries may be performed during view rendering. Explicitly configure spring.jpa.open-in-view to disable this warning
2023-07-14T03:05:45.575+02:00 DEBUG 18658 --- [http-nio-8080-exec-3] org.hibernate.SQL                        : select e1_0.id,e1_0.email,e1_0.first_name,e1_0.last_name from employee e1_0 limit ?,?
2023-07-14T03:05:45.589+02:00 TRACE 18658 --- [http-nio-8080-exec-3] org.hibernate.orm.jdbc.bind              : binding parameter [1] as [INTEGER] - [0]
2023-07-14T03:05:45.589+02:00 TRACE 18658 --- [http-nio-8080-exec-3] org.hibernate.orm.jdbc.bind              : binding parameter [2] as [INTEGER] - [20]
2023-07-14T03:05:57.914+02:00 DEBUG 18658 --- [http-nio-8080-exec-4] org.hibernate.SQL                        : insert into employee (email,first_name,last_name) values (?,?,?)
2023-07-14T03:05:57.917+02:00 TRACE 18658 --- [http-nio-8080-exec-4] org.hibernate.orm.jdbc.bind              : binding parameter [1] as [VARCHAR] - [leslie@luv2coadde.com]
2023-07-14T03:05:57.918+02:00 TRACE 18658 --- [http-nio-8080-exec-4] org.hibernate.orm.jdbc.bind              : binding parameter [2] as [VARCHAR] - [Lesladie]
2023-07-14T03:05:57.918+02:00 TRACE 18658 --- [http-nio-8080-exec-4] org.hibernate.orm.jdbc.bind              : binding parameter [3] as [VARCHAR] - [Andrewads]
2023-07-14T03:07:49.139+02:00 DEBUG 18658 --- [http-nio-8080-exec-8] org.hibernate.SQL                        : select e1_0.id,e1_0.email,e1_0.first_name,e1_0.last_name from employee e1_0 where e1_0.id=?
2023-07-14T03:07:49.141+02:00 TRACE 18658 --- [http-nio-8080-exec-8] org.hibernate.orm.jdbc.bind              : binding parameter [1] as [INTEGER] - [2]
2023-07-14T03:07:49.169+02:00 DEBUG 18658 --- [http-nio-8080-exec-8] org.hibernate.SQL                        : delete from employee where id=?
2023-07-14T03:07:49.170+02:00 TRACE 18658 --- [http-nio-8080-exec-8] org.hibernate.orm.jdbc.bind              : binding parameter [1] as [INTEGER] - [2]
2023-07-14T03:08:54.962+02:00 DEBUG 18658 --- [http-nio-8080-exec-2] org.hibernate.SQL                        : select e1_0.id,e1_0.email,e1_0.first_name,e1_0.last_name from employee e1_0 where e1_0.id=?
2023-07-14T03:08:54.969+02:00 TRACE 18658 --- [http-nio-8080-exec-2] org.hibernate.orm.jdbc.bind              : binding parameter [1] as [INTEGER] - [4]
2023-07-14T03:08:55.048+02:00 DEBUG 18658 --- [http-nio-8080-exec-2] org.hibernate.SQL                        : update employee set email=?,first_name=?,last_name=? where id=?
2023-07-14T03:08:55.049+02:00 TRACE 18658 --- [http-nio-8080-exec-2] org.hibernate.orm.jdbc.bind              : binding parameter [1] as [VARCHAR] - [leslie@luv2coadde.com]
2023-07-14T03:08:55.050+02:00 TRACE 18658 --- [http-nio-8080-exec-2] org.hibernate.orm.jdbc.bind              : binding parameter [2] as [VARCHAR] - [Yavuz]
2023-07-14T03:08:55.050+02:00 TRACE 18658 --- [http-nio-8080-exec-2] org.hibernate.orm.jdbc.bind              : binding parameter [3] as [VARCHAR] - [Yildirim]
2023-07-14T03:08:55.050+02:00 TRACE 18658 --- [http-nio-8080-exec-2] org.hibernate.orm.jdbc.bind              : binding parameter [4] as [INTEGER] - [4]
2023-07-14T03:11:21.528+02:00  WARN 18658 --- [restartedMain] JpaBaseConfiguration$JpaWebConfiguration : spring.jpa.open-in-view is enabled by default. Therefore, database queries may be performed during view rendering. Explicitly configure spring.jpa.open-in-view to disable this warning
2023-07-14T03:11:33.610+02:00  WARN 18658 --- [restartedMain] JpaBaseConfiguration$JpaWebConfiguration : spring.jpa.open-in-view is enabled by default. Therefore, database queries may be performed during view rendering. Explicitly configure spring.jpa.open-in-view to disable this warning
2023-07-14T03:12:03.992+02:00  WARN 18658 --- [restartedMain] JpaBaseConfiguration$JpaWebConfiguration : spring.jpa.open-in-view is enabled by default. Therefore, database queries may be performed during view rendering. Explicitly configure spring.jpa.open-in-view to disable this warning
2023-07-14T03:12:07.461+02:00  WARN 18658 --- [restartedMain] JpaBaseConfiguration$JpaWebConfiguration : spring.jpa.open-in-view is enabled by default. Therefore, database queries may be performed during view rendering. Explicitly configure spring.jpa.open-in-view to disable this warning
2023-07-14T03:16:05.555+02:00  WARN 19299 --- [restartedMain] JpaBaseConfiguration$JpaWebConfiguration : spring.jpa.open-in-view is enabled by default. Therefore, database queries may be performed during view rendering. Explicitly configure spring.jpa.open-in-view to disable this warning
2023-07-14T03:16:10.309+02:00 DEBUG 19299 --- [http-nio-8080-exec-1] org.hibernate.SQL                        : select e1_0.id,e1_0.email,e1_0.first_name,e1_0.last_name from employee e1_0 limit ?,?
2023-07-14T03:16:10.324+02:00 TRACE 19299 --- [http-nio-8080-exec-1] org.hibernate.orm.jdbc.bind              : binding parameter [1] as [INTEGER] - [0]
2023-07-14T03:16:10.325+02:00 TRACE 19299 --- [http-nio-8080-exec-1] org.hibernate.orm.jdbc.bind              : binding parameter [2] as [INTEGER] - [3]
2023-07-14T03:16:10.366+02:00 DEBUG 19299 --- [http-nio-8080-exec-1] org.hibernate.SQL                        : select count(e1_0.id) from employee e1_0
2023-07-14T03:16:23.652+02:00 DEBUG 19299 --- [http-nio-8080-exec-3] org.hibernate.SQL                        : select e1_0.id,e1_0.email,e1_0.first_name,e1_0.last_name from employee e1_0 limit ?,?
2023-07-14T03:16:23.653+02:00 TRACE 19299 --- [http-nio-8080-exec-3] org.hibernate.orm.jdbc.bind              : binding parameter [1] as [INTEGER] - [3]
2023-07-14T03:16:23.654+02:00 TRACE 19299 --- [http-nio-8080-exec-3] org.hibernate.orm.jdbc.bind              : binding parameter [2] as [INTEGER] - [3]
2023-07-14T03:17:10.400+02:00  WARN 19299 --- [restartedMain] JpaBaseConfiguration$JpaWebConfiguration : spring.jpa.open-in-view is enabled by default. Therefore, database queries may be performed during view rendering. Explicitly configure spring.jpa.open-in-view to disable this warning
2023-07-14T03:17:29.625+02:00 DEBUG 19299 --- [http-nio-8080-exec-2] org.hibernate.SQL                        : select e1_0.id,e1_0.email,e1_0.first_name,e1_0.last_name from employee e1_0 order by e1_0.last_name limit ?,?
2023-07-14T03:17:29.627+02:00 TRACE 19299 --- [http-nio-8080-exec-2] org.hibernate.orm.jdbc.bind              : binding parameter [1] as [INTEGER] - [0]
2023-07-14T03:17:29.627+02:00 TRACE 19299 --- [http-nio-8080-exec-2] org.hibernate.orm.jdbc.bind              : binding parameter [2] as [INTEGER] - [20]
2023-07-14T03:29:06.684+02:00  WARN 19299 --- [HikariPool-2 housekeeper] com.zaxxer.hikari.pool.HikariPool        : HikariPool-2 - Thread starvation or clock leap detected (housekeeper delta=9m56s512ms).
2023-07-14T04:02:54.075+02:00  WARN 19299 --- [HikariPool-2 housekeeper] com.zaxxer.hikari.pool.HikariPool        : HikariPool-2 - Thread starvation or clock leap detected (housekeeper delta=33m47s387ms).
2023-07-14T04:57:10.930+02:00  WARN 19299 --- [HikariPool-2 housekeeper] com.zaxxer.hikari.pool.HikariPool        : HikariPool-2 - Thread starvation or clock leap detected (housekeeper delta=54m16s862ms).
2023-07-14T06:21:57.280+02:00  WARN 19299 --- [HikariPool-2 housekeeper] com.zaxxer.hikari.pool.HikariPool        : HikariPool-2 - Thread starvation or clock leap detected (housekeeper delta=1h24m46s350ms).
2023-07-14T07:29:36.288+02:00  WARN 19299 --- [HikariPool-2 housekeeper] com.zaxxer.hikari.pool.HikariPool        : HikariPool-2 - Thread starvation or clock leap detected (housekeeper delta=1h7m39s9ms).
2023-07-14T08:34:27.074+02:00  WARN 19299 --- [HikariPool-2 housekeeper] com.zaxxer.hikari.pool.HikariPool        : HikariPool-2 - Thread starvation or clock leap detected (housekeeper delta=1h4m50s785ms).
2023-07-14T08:54:03.481+02:00  WARN 19299 --- [HikariPool-2 housekeeper] com.zaxxer.hikari.pool.HikariPool        : HikariPool-2 - Thread starvation or clock leap detected (housekeeper delta=19m36s407ms).
2023-07-14T09:18:43.296+02:00  WARN 19299 --- [HikariPool-2 housekeeper] com.zaxxer.hikari.pool.HikariPool        : HikariPool-2 - Thread starvation or clock leap detected (housekeeper delta=24m39s816ms).
2023-07-14T09:34:33.794+02:00  WARN 19299 --- [HikariPool-2 housekeeper] com.zaxxer.hikari.pool.HikariPool        : HikariPool-2 - Thread starvation or clock leap detected (housekeeper delta=15m20s489ms).
2023-07-14T09:36:02.478+02:00  WARN 19299 --- [HikariPool-2 housekeeper] com.zaxxer.hikari.pool.HikariPool        : HikariPool-2 - Thread starvation or clock leap detected (housekeeper delta=58s682ms).
2023-07-14T09:51:46.332+02:00  WARN 19299 --- [HikariPool-2 housekeeper] com.zaxxer.hikari.pool.HikariPool        : HikariPool-2 - Thread starvation or clock leap detected (housekeeper delta=15m43s855ms).
2023-07-14T11:02:09.040+02:00  WARN 19299 --- [HikariPool-2 housekeeper] com.zaxxer.hikari.pool.HikariPool        : HikariPool-2 - Thread starvation or clock leap detected (housekeeper delta=16m21s885ms).
2023-07-14T11:19:55.127+02:00  WARN 19299 --- [HikariPool-2 housekeeper] com.zaxxer.hikari.pool.HikariPool        : HikariPool-2 - Thread starvation or clock leap detected (housekeeper delta=17m16s75ms).
2023-07-14T11:37:09.508+02:00  WARN 19299 --- [HikariPool-2 housekeeper] com.zaxxer.hikari.pool.HikariPool        : HikariPool-2 - Thread starvation or clock leap detected (housekeeper delta=12m44s311ms).
2023-07-14T11:53:30.098+02:00  WARN 19299 --- [HikariPool-2 housekeeper] com.zaxxer.hikari.pool.HikariPool        : HikariPool-2 - Thread starvation or clock leap detected (housekeeper delta=16m20s590ms).
2023-07-14T12:04:26.530+02:00  WARN 19299 --- [HikariPool-2 housekeeper] com.zaxxer.hikari.pool.HikariPool        : HikariPool-2 - Thread starvation or clock leap detected (housekeeper delta=10m26s412ms).
2023-07-14T12:32:42.471+02:00  WARN 19299 --- [HikariPool-2 housekeeper] com.zaxxer.hikari.pool.HikariPool        : HikariPool-2 - Thread starvation or clock leap detected (housekeeper delta=28m15s940ms).
2023-07-14T13:07:28.768+02:00  WARN 19299 --- [HikariPool-2 housekeeper] com.zaxxer.hikari.pool.HikariPool        : HikariPool-2 - Thread starvation or clock leap detected (housekeeper delta=34m16s290ms).
2023-07-14T13:57:57.101+02:00  WARN 19299 --- [HikariPool-2 housekeeper] com.zaxxer.hikari.pool.HikariPool        : HikariPool-2 - Thread starvation or clock leap detected (housekeeper delta=50m28s333ms).
